Using pre-set license
Built from '2020.3/release' branch; Version is '2020.3.12f1 (b3b2c6512326) revision 11776710'; Using compiler version '192528614'; Build Type 'Release'
OS: 'Windows 10 Home; OS build 19042.1052; Version 2009; 64bit' Language: 'ko' Physical Memory: 16347 MB
BatchMode: 1, IsHumanControllingUs: 0, StartBugReporterOnCrash: 0, Is64bit: 1, IsPro: 0

 COMMAND LINE ARGUMENTS:
A:\Unity\2020.3.12f1\Editor\Unity.exe
-adb2
-batchMode
-noUpm
-name
AssetImportWorker0
-projectPath
A:/Unity_Project/Unity_Project/Counter
-logFile
Logs/AssetImportWorker0.log
-srvPort
62698
Successfully changed project path to: A:/Unity_Project/Unity_Project/Counter
A:/Unity_Project/Unity_Project/Counter
Using Asset Import Pipeline V2.
Refreshing native plugins compatible for Editor in 89.05 ms, found 2 plugins.
Preloading 0 native plugins for Editor in 0.00 ms.
Initialize engine version: 2020.3.12f1 (b3b2c6512326)
[Subsystems] Discovering subsystems at path A:/Unity/2020.3.12f1/Editor/Data/Resources/UnitySubsystems
[Subsystems] Discovering subsystems at path A:/Unity_Project/Unity_Project/Counter/Assets
GfxDevice: creating device client; threaded=0
Direct3D:
    Version:  Direct3D 11.0 [level 11.1]
    Renderer: NVIDIA GeForce GTX 1050 (ID=0x1c81)
    Vendor:   
    VRAM:     1977 MB
    Driver:   26.21.14.4575
Initialize mono
Mono path[0] = 'A:/Unity/2020.3.12f1/Editor/Data/Managed'
Mono path[1] = 'A:/Unity/2020.3.12f1/Editor/Data/MonoBleedingEdge/lib/mono/unityjit'
Mono config path = 'A:/Unity/2020.3.12f1/Editor/Data/MonoBleedingEdge/etc'
Using monoOptions --debugger-agent=transport=dt_socket,embedding=1,server=y,suspend=n,address=127.0.0.1:56732
Begin MonoManager ReloadAssembly
Registering precompiled unity dll's ...
Register platform support module: A:/Unity/2020.3.12f1/Editor/Data/PlaybackEngines/WebGLSupport/UnityEditor.WebGL.Extensions.dll
Register platform support module: A:/Unity/2020.3.12f1/Editor/Data/PlaybackEngines/WindowsStandaloneSupport/UnityEditor.WindowsStandalone.Extensions.dll
Registered in 0.002656 seconds.
Native extension for WindowsStandalone target not found
Native extension for WebGL target not found
Refreshing native plugins compatible for Editor in 128.68 ms, found 2 plugins.
Preloading 0 native plugins for Editor in 0.00 ms.
Mono: successfully reloaded assembly
- Completed reload, in  7.698 seconds
Platform modules already initialized, skipping
Registering precompiled user dll's ...
Registered in 0.008785 seconds.
Begin MonoManager ReloadAssembly
Native extension for WindowsStandalone target not found
Native extension for WebGL target not found
Refreshing native plugins compatible for Editor in 0.37 ms, found 2 plugins.
Preloading 0 native plugins for Editor in 0.00 ms.
Mono: successfully reloaded assembly
- Completed reload, in  4.800 seconds
Platform modules already initialized, skipping
========================================================================
Worker process is ready to serve import requests
Launched and connected shader compiler UnityShaderCompiler.exe after 0.40 seconds
Refreshing native plugins compatible for Editor in 0.35 ms, found 2 plugins.
Preloading 0 native plugins for Editor in 0.00 ms.
Unloading 1404 Unused Serialized files (Serialized files now loaded: 0)
System memory in use before: 71.4 MB.
System memory in use after: 71.4 MB.

Unloading 19 unused Assets to reduce memory usage. Loaded Objects now: 1841.
Total: 4.589800 ms (FindLiveObjects: 0.254900 ms CreateObjectMapping: 0.111300 ms MarkObjects: 4.122300 ms  DeleteObjects: 0.099500 ms)

AssetImportParameters requested are different than current active one (requested -> active):
  custom:framework-win-MediaFoundation: 216162199b28c13a410421893ffa2e32 -> 
  custom:video-decoder-ogg-theora: a1e56fd34408186e4bbccfd4996cb3dc -> 
  custom:container-muxer-webm: aa71ff27fc2769a1b78a27578f13a17b -> 
  custom:container-demuxer-webm: 4f35f7cbe854078d1ac9338744f61a02 -> 
  custom:container-demuxer-ogg: 62fdf1f143b41e24485cea50d1cbac27 -> 
  custom:video-encoder-webm-vp8: eb34c28f22e8b96e1ab97ce403110664 -> 
  custom:video-codec-MediaFoundation-h265: 746d11721c4dcdbdad8f713fa42b33f4 -> 
  custom:video-decoder-webm-vp8: 9c59270c3fd7afecdb556c50c9e8de78 -> 
  custom:audio-decoder-ogg-vorbis: bf7c407c2cedff20999df2af8eb42d56 -> 
  custom:audio-encoder-webm-vorbis: bf7c407c2cedff20999df2af8eb42d56 -> 
========================================================================
Received Import Request.
  path: Assets/Prefabs/defalut.prefab
  artifactKey: Guid(4b29441622677354dae72e71d6824cdf) Importer(815301076,1909f56bfc062723c751e8b465ee728b)
Start importing Assets/Prefabs/defalut.prefab using Guid(4b29441622677354dae72e71d6824cdf) Importer(815301076,1909f56bfc062723c751e8b465ee728b)  -> (artifact id: '29ad122774f5321a8dad0d735b550f74') in 0.418898 seconds 
  Import took 0.423406 seconds .

========================================================================
Received Import Request.
  Time since last request: 0.000342 seconds.
  path: Assets/Prefabs/blue.prefab
  artifactKey: Guid(09a4099ebb67e8746a856e6e2d1c4e69) Importer(815301076,1909f56bfc062723c751e8b465ee728b)
Start importing Assets/Prefabs/blue.prefab using Guid(09a4099ebb67e8746a856e6e2d1c4e69) Importer(815301076,1909f56bfc062723c751e8b465ee728b)  -> (artifact id: 'e6227cbf02b27c49652e1ed2542d3ab2') in 0.045593 seconds 
  Import took 0.065427 seconds .

========================================================================
Received Import Request.
  Time since last request: 3.606292 seconds.
  path: Assets/Prefabs/black.prefab
  artifactKey: Guid(bbe7af5a5ac3a0e42933c9a64102d90b) Importer(815301076,1909f56bfc062723c751e8b465ee728b)
Start importing Assets/Prefabs/black.prefab using Guid(bbe7af5a5ac3a0e42933c9a64102d90b) Importer(815301076,1909f56bfc062723c751e8b465ee728b)  -> (artifact id: '26af4676513d3c7880f12228d7ff3f89') in 0.036992 seconds 
  Import took 0.042845 seconds .

========================================================================
Received Import Request.
  Time since last request: 0.019258 seconds.
  path: Assets/Prefabs/black.prefab
  artifactKey: Guid(bbe7af5a5ac3a0e42933c9a64102d90b) Importer(815301076,1909f56bfc062723c751e8b465ee728b)
Start importing Assets/Prefabs/black.prefab using Guid(bbe7af5a5ac3a0e42933c9a64102d90b) Importer(815301076,1909f56bfc062723c751e8b465ee728b)  -> (artifact id: '26af4676513d3c7880f12228d7ff3f89') in 0.038954 seconds 
  Import took 0.044626 seconds .

========================================================================
Received Prepare
Registering precompiled user dll's ...
Registered in 0.004196 seconds.
Begin MonoManager ReloadAssembly
Native extension for WindowsStandalone target not found
Native extension for WebGL target not found
Refreshing native plugins compatible for Editor in 0.46 ms, found 2 plugins.
Preloading 0 native plugins for Editor in 0.00 ms.
Mono: successfully reloaded assembly
- Completed reload, in  2.429 seconds
Platform modules already initialized, skipping
Refreshing native plugins compatible for Editor in 0.41 ms, found 2 plugins.
Preloading 0 native plugins for Editor in 0.00 ms.
Unloading 1385 Unused Serialized files (Serialized files now loaded: 0)
System memory in use before: 73.1 MB.
System memory in use after: 73.2 MB.

Unloading 15 unused Assets to reduce memory usage. Loaded Objects now: 1853.
Total: 2.584300 ms (FindLiveObjects: 0.264500 ms CreateObjectMapping: 0.163600 ms MarkObjects: 2.052500 ms  DeleteObjects: 0.102300 ms)

AssetImportParameters requested are different than current active one (requested -> active):
  custom:framework-win-MediaFoundation: 216162199b28c13a410421893ffa2e32 -> 
  custom:video-decoder-ogg-theora: a1e56fd34408186e4bbccfd4996cb3dc -> 
  custom:container-muxer-webm: aa71ff27fc2769a1b78a27578f13a17b -> 
  custom:container-demuxer-webm: 4f35f7cbe854078d1ac9338744f61a02 -> 
  custom:container-demuxer-ogg: 62fdf1f143b41e24485cea50d1cbac27 -> 
  custom:video-encoder-webm-vp8: eb34c28f22e8b96e1ab97ce403110664 -> 
  custom:video-codec-MediaFoundation-h265: 746d11721c4dcdbdad8f713fa42b33f4 -> 
  custom:video-decoder-webm-vp8: 9c59270c3fd7afecdb556c50c9e8de78 -> 
  custom:audio-decoder-ogg-vorbis: bf7c407c2cedff20999df2af8eb42d56 -> 
  custom:audio-encoder-webm-vorbis: bf7c407c2cedff20999df2af8eb42d56 -> 
========================================================================
Received Import Request.
  Time since last request: 89.330874 seconds.
  path: Assets/New Lighting Settings.lighting
  artifactKey: Guid(bc20ba77309ee2845a52d02685d32ad1) Importer(815301076,1909f56bfc062723c751e8b465ee728b)
Start importing Assets/New Lighting Settings.lighting using Guid(bc20ba77309ee2845a52d02685d32ad1) Importer(815301076,1909f56bfc062723c751e8b465ee728b)  -> (artifact id: '213f6a4562d751b79e9b445b8a3abb6f') in 0.361720 seconds 
  Import took 0.366143 seconds .

========================================================================
Received Prepare
Registering precompiled user dll's ...
Registered in 0.018336 seconds.
Begin MonoManager ReloadAssembly
Native extension for WindowsStandalone target not found
Native extension for WebGL target not found
Refreshing native plugins compatible for Editor in 0.39 ms, found 2 plugins.
Preloading 0 native plugins for Editor in 0.00 ms.
Mono: successfully reloaded assembly
- Completed reload, in  2.485 seconds
Platform modules already initialized, skipping
Refreshing native plugins compatible for Editor in 0.47 ms, found 2 plugins.
Preloading 0 native plugins for Editor in 0.00 ms.
Unloading 1385 Unused Serialized files (Serialized files now loaded: 0)
System memory in use before: 73.1 MB.
System memory in use after: 73.2 MB.

Unloading 14 unused Assets to reduce memory usage. Loaded Objects now: 1856.
Total: 15.477700 ms (FindLiveObjects: 0.160300 ms CreateObjectMapping: 0.324500 ms MarkObjects: 14.881000 ms  DeleteObjects: 0.110500 ms)

AssetImportParameters requested are different than current active one (requested -> active):
  custom:framework-win-MediaFoundation: 216162199b28c13a410421893ffa2e32 -> 
  custom:video-decoder-ogg-theora: a1e56fd34408186e4bbccfd4996cb3dc -> 
  custom:container-muxer-webm: aa71ff27fc2769a1b78a27578f13a17b -> 
  custom:container-demuxer-webm: 4f35f7cbe854078d1ac9338744f61a02 -> 
  custom:container-demuxer-ogg: 62fdf1f143b41e24485cea50d1cbac27 -> 
  custom:video-encoder-webm-vp8: eb34c28f22e8b96e1ab97ce403110664 -> 
  custom:video-codec-MediaFoundation-h265: 746d11721c4dcdbdad8f713fa42b33f4 -> 
  custom:video-decoder-webm-vp8: 9c59270c3fd7afecdb556c50c9e8de78 -> 
  custom:audio-decoder-ogg-vorbis: bf7c407c2cedff20999df2af8eb42d56 -> 
  custom:audio-encoder-webm-vorbis: bf7c407c2cedff20999df2af8eb42d56 -> 
========================================================================
Received Prepare
Registering precompiled user dll's ...
Registered in 0.222545 seconds.
Begin MonoManager ReloadAssembly
Native extension for WindowsStandalone target not found
Native extension for WebGL target not found
Refreshing native plugins compatible for Editor in 0.66 ms, found 2 plugins.
Preloading 0 native plugins for Editor in 0.00 ms.
Mono: successfully reloaded assembly
- Completed reload, in  1.467 seconds
Platform modules already initialized, skipping
Refreshing native plugins compatible for Editor in 0.37 ms, found 2 plugins.
Preloading 0 native plugins for Editor in 0.00 ms.
Unloading 1385 Unused Serialized files (Serialized files now loaded: 0)
System memory in use before: 73.1 MB.
System memory in use after: 73.2 MB.

Unloading 14 unused Assets to reduce memory usage. Loaded Objects now: 1859.
Total: 2.064200 ms (FindLiveObjects: 0.165300 ms CreateObjectMapping: 0.044400 ms MarkObjects: 1.756600 ms  DeleteObjects: 0.096700 ms)

AssetImportParameters requested are different than current active one (requested -> active):
  custom:framework-win-MediaFoundation: 216162199b28c13a410421893ffa2e32 -> 
  custom:video-decoder-ogg-theora: a1e56fd34408186e4bbccfd4996cb3dc -> 
  custom:container-muxer-webm: aa71ff27fc2769a1b78a27578f13a17b -> 
  custom:container-demuxer-webm: 4f35f7cbe854078d1ac9338744f61a02 -> 
  custom:container-demuxer-ogg: 62fdf1f143b41e24485cea50d1cbac27 -> 
  custom:video-encoder-webm-vp8: eb34c28f22e8b96e1ab97ce403110664 -> 
  custom:video-codec-MediaFoundation-h265: 746d11721c4dcdbdad8f713fa42b33f4 -> 
  custom:video-decoder-webm-vp8: 9c59270c3fd7afecdb556c50c9e8de78 -> 
  custom:audio-decoder-ogg-vorbis: bf7c407c2cedff20999df2af8eb42d56 -> 
  custom:audio-encoder-webm-vorbis: bf7c407c2cedff20999df2af8eb42d56 -> 
========================================================================
Received Prepare
Registering precompiled user dll's ...
Registered in 0.005141 seconds.
Begin MonoManager ReloadAssembly
Native extension for WindowsStandalone target not found
Native extension for WebGL target not found
Refreshing native plugins compatible for Editor in 0.42 ms, found 2 plugins.
Preloading 0 native plugins for Editor in 0.00 ms.
Mono: successfully reloaded assembly
- Completed reload, in  1.156 seconds
Platform modules already initialized, skipping
Refreshing native plugins compatible for Editor in 0.60 ms, found 2 plugins.
Preloading 0 native plugins for Editor in 0.00 ms.
Unloading 1385 Unused Serialized files (Serialized files now loaded: 0)
System memory in use before: 73.2 MB.
System memory in use after: 73.2 MB.

Unloading 14 unused Assets to reduce memory usage. Loaded Objects now: 1862.
Total: 2.140800 ms (FindLiveObjects: 0.157300 ms CreateObjectMapping: 0.049200 ms MarkObjects: 1.864100 ms  DeleteObjects: 0.068700 ms)

AssetImportParameters requested are different than current active one (requested -> active):
  custom:framework-win-MediaFoundation: 216162199b28c13a410421893ffa2e32 -> 
  custom:video-decoder-ogg-theora: a1e56fd34408186e4bbccfd4996cb3dc -> 
  custom:container-muxer-webm: aa71ff27fc2769a1b78a27578f13a17b -> 
  custom:container-demuxer-webm: 4f35f7cbe854078d1ac9338744f61a02 -> 
  custom:container-demuxer-ogg: 62fdf1f143b41e24485cea50d1cbac27 -> 
  custom:video-encoder-webm-vp8: eb34c28f22e8b96e1ab97ce403110664 -> 
  custom:video-codec-MediaFoundation-h265: 746d11721c4dcdbdad8f713fa42b33f4 -> 
  custom:video-decoder-webm-vp8: 9c59270c3fd7afecdb556c50c9e8de78 -> 
  custom:audio-decoder-ogg-vorbis: bf7c407c2cedff20999df2af8eb42d56 -> 
  custom:audio-encoder-webm-vorbis: bf7c407c2cedff20999df2af8eb42d56 -> 
========================================================================
Received Prepare
Registering precompiled user dll's ...
Registered in 0.005311 seconds.
Begin MonoManager ReloadAssembly
Native extension for WindowsStandalone target not found
Native extension for WebGL target not found
Refreshing native plugins compatible for Editor in 0.39 ms, found 2 plugins.
Preloading 0 native plugins for Editor in 0.00 ms.
Mono: successfully reloaded assembly
- Completed reload, in  1.230 seconds
Platform modules already initialized, skipping
Refreshing native plugins compatible for Editor in 0.61 ms, found 2 plugins.
Preloading 0 native plugins for Editor in 0.00 ms.
Unloading 1385 Unused Serialized files (Serialized files now loaded: 0)
System memory in use before: 73.2 MB.
System memory in use after: 73.2 MB.

Unloading 14 unused Assets to reduce memory usage. Loaded Objects now: 1865.
Total: 3.063000 ms (FindLiveObjects: 0.183500 ms CreateObjectMapping: 0.060900 ms MarkObjects: 2.704500 ms  DeleteObjects: 0.111800 ms)

AssetImportParameters requested are different than current active one (requested -> active):
  custom:framework-win-MediaFoundation: 216162199b28c13a410421893ffa2e32 -> 
  custom:video-decoder-ogg-theora: a1e56fd34408186e4bbccfd4996cb3dc -> 
  custom:container-muxer-webm: aa71ff27fc2769a1b78a27578f13a17b -> 
  custom:container-demuxer-webm: 4f35f7cbe854078d1ac9338744f61a02 -> 
  custom:container-demuxer-ogg: 62fdf1f143b41e24485cea50d1cbac27 -> 
  custom:video-encoder-webm-vp8: eb34c28f22e8b96e1ab97ce403110664 -> 
  custom:video-codec-MediaFoundation-h265: 746d11721c4dcdbdad8f713fa42b33f4 -> 
  custom:video-decoder-webm-vp8: 9c59270c3fd7afecdb556c50c9e8de78 -> 
  custom:audio-decoder-ogg-vorbis: bf7c407c2cedff20999df2af8eb42d56 -> 
  custom:audio-encoder-webm-vorbis: bf7c407c2cedff20999df2af8eb42d56 -> 
========================================================================
Received Import Request.
  Time since last request: 18293.079611 seconds.
  path: Assets/Prefabs/red.prefab
  artifactKey: Guid(7d3d72dc0f031434fa06357d618d8555) Importer(815301076,1909f56bfc062723c751e8b465ee728b)
Start importing Assets/Prefabs/red.prefab using Guid(7d3d72dc0f031434fa06357d618d8555) Importer(815301076,1909f56bfc062723c751e8b465ee728b)  -> (artifact id: '71ff1a9de44ef76139d7b1b663e25ffe') in 0.118625 seconds 
  Import took 0.122745 seconds .

========================================================================
Received Import Request.
  Time since last request: 4.212458 seconds.
  path: Assets/Prefabs/defalut.prefab
  artifactKey: Guid(4b29441622677354dae72e71d6824cdf) Importer(815301076,1909f56bfc062723c751e8b465ee728b)
Start importing Assets/Prefabs/defalut.prefab using Guid(4b29441622677354dae72e71d6824cdf) Importer(815301076,1909f56bfc062723c751e8b465ee728b)  -> (artifact id: '7694c4c15c620b4d3edb14f08aa6bf13') in 0.035599 seconds 
  Import took 0.051623 seconds .

========================================================================
Received Import Request.
  Time since last request: 2.578716 seconds.
  path: Assets/Prefabs/blue.prefab
  artifactKey: Guid(09a4099ebb67e8746a856e6e2d1c4e69) Importer(815301076,1909f56bfc062723c751e8b465ee728b)
Start importing Assets/Prefabs/blue.prefab using Guid(09a4099ebb67e8746a856e6e2d1c4e69) Importer(815301076,1909f56bfc062723c751e8b465ee728b)  -> (artifact id: 'd38cffe9a52f43fe1813642563c8e484') in 0.045270 seconds 
  Import took 0.050206 seconds .

========================================================================
Received Import Request.
  Time since last request: 1.228321 seconds.
  path: Assets/Prefabs/black.prefab
  artifactKey: Guid(bbe7af5a5ac3a0e42933c9a64102d90b) Importer(815301076,1909f56bfc062723c751e8b465ee728b)
Start importing Assets/Prefabs/black.prefab using Guid(bbe7af5a5ac3a0e42933c9a64102d90b) Importer(815301076,1909f56bfc062723c751e8b465ee728b)  -> (artifact id: 'a8b0d75e08b2c9441030d94995b4cbfd') in 0.035010 seconds 
  Import took 0.054712 seconds .

========================================================================
Received Prepare
Registering precompiled user dll's ...
Registered in 0.005158 seconds.
Begin MonoManager ReloadAssembly
Native extension for WindowsStandalone target not found
Native extension for WebGL target not found
Refreshing native plugins compatible for Editor in 0.37 ms, found 2 plugins.
Preloading 0 native plugins for Editor in 0.00 ms.
Mono: successfully reloaded assembly
- Completed reload, in  1.206 seconds
Platform modules already initialized, skipping
Refreshing native plugins compatible for Editor in 0.40 ms, found 2 plugins.
Preloading 0 native plugins for Editor in 0.00 ms.
Unloading 1385 Unused Serialized files (Serialized files now loaded: 0)
System memory in use before: 73.2 MB.
System memory in use after: 73.3 MB.

Unloading 15 unused Assets to reduce memory usage. Loaded Objects now: 1869.
Total: 2.079500 ms (FindLiveObjects: 0.140600 ms CreateObjectMapping: 0.042400 ms MarkObjects: 1.827900 ms  DeleteObjects: 0.067300 ms)

AssetImportParameters requested are different than current active one (requested -> active):
  custom:framework-win-MediaFoundation: 216162199b28c13a410421893ffa2e32 -> 
  custom:video-decoder-ogg-theora: a1e56fd34408186e4bbccfd4996cb3dc -> 
  custom:container-muxer-webm: aa71ff27fc2769a1b78a27578f13a17b -> 
  custom:container-demuxer-webm: 4f35f7cbe854078d1ac9338744f61a02 -> 
  custom:container-demuxer-ogg: 62fdf1f143b41e24485cea50d1cbac27 -> 
  custom:video-encoder-webm-vp8: eb34c28f22e8b96e1ab97ce403110664 -> 
  custom:video-codec-MediaFoundation-h265: 746d11721c4dcdbdad8f713fa42b33f4 -> 
  custom:video-decoder-webm-vp8: 9c59270c3fd7afecdb556c50c9e8de78 -> 
  custom:audio-decoder-ogg-vorbis: bf7c407c2cedff20999df2af8eb42d56 -> 
  custom:audio-encoder-webm-vorbis: bf7c407c2cedff20999df2af8eb42d56 -> 
========================================================================
Received Prepare
Registering precompiled user dll's ...
Registered in 0.004621 seconds.
Begin MonoManager ReloadAssembly
Native extension for WindowsStandalone target not found
Native extension for WebGL target not found
Refreshing native plugins compatible for Editor in 0.44 ms, found 2 plugins.
Preloading 0 native plugins for Editor in 0.00 ms.
Mono: successfully reloaded assembly
- Completed reload, in  1.578 seconds
Platform modules already initialized, skipping
Refreshing native plugins compatible for Editor in 0.49 ms, found 2 plugins.
Preloading 0 native plugins for Editor in 0.00 ms.
Unloading 1385 Unused Serialized files (Serialized files now loaded: 0)
System memory in use before: 73.2 MB.
System memory in use after: 73.3 MB.

Unloading 14 unused Assets to reduce memory usage. Loaded Objects now: 1872.
Total: 2.855200 ms (FindLiveObjects: 0.182000 ms CreateObjectMapping: 0.064900 ms MarkObjects: 2.528800 ms  DeleteObjects: 0.078000 ms)

AssetImportParameters requested are different than current active one (requested -> active):
  custom:framework-win-MediaFoundation: 216162199b28c13a410421893ffa2e32 -> 
  custom:video-decoder-ogg-theora: a1e56fd34408186e4bbccfd4996cb3dc -> 
  custom:container-muxer-webm: aa71ff27fc2769a1b78a27578f13a17b -> 
  custom:container-demuxer-webm: 4f35f7cbe854078d1ac9338744f61a02 -> 
  custom:container-demuxer-ogg: 62fdf1f143b41e24485cea50d1cbac27 -> 
  custom:video-encoder-webm-vp8: eb34c28f22e8b96e1ab97ce403110664 -> 
  custom:video-codec-MediaFoundation-h265: 746d11721c4dcdbdad8f713fa42b33f4 -> 
  custom:video-decoder-webm-vp8: 9c59270c3fd7afecdb556c50c9e8de78 -> 
  custom:audio-decoder-ogg-vorbis: bf7c407c2cedff20999df2af8eb42d56 -> 
  custom:audio-encoder-webm-vorbis: bf7c407c2cedff20999df2af8eb42d56 -> 
========================================================================
Received Prepare
Registering precompiled user dll's ...
Registered in 0.003972 seconds.
Begin MonoManager ReloadAssembly
Native extension for WindowsStandalone target not found
Native extension for WebGL target not found
Refreshing native plugins compatible for Editor in 0.39 ms, found 2 plugins.
Preloading 0 native plugins for Editor in 0.00 ms.
Mono: successfully reloaded assembly
- Completed reload, in  1.346 seconds
Platform modules already initialized, skipping
Refreshing native plugins compatible for Editor in 0.66 ms, found 2 plugins.
Preloading 0 native plugins for Editor in 0.00 ms.
Unloading 1385 Unused Serialized files (Serialized files now loaded: 0)
System memory in use before: 73.2 MB.
System memory in use after: 73.3 MB.

Unloading 14 unused Assets to reduce memory usage. Loaded Objects now: 1875.
Total: 2.116300 ms (FindLiveObjects: 0.160500 ms CreateObjectMapping: 0.103300 ms MarkObjects: 1.784900 ms  DeleteObjects: 0.066200 ms)

AssetImportParameters requested are different than current active one (requested -> active):
  custom:framework-win-MediaFoundation: 216162199b28c13a410421893ffa2e32 -> 
  custom:video-decoder-ogg-theora: a1e56fd34408186e4bbccfd4996cb3dc -> 
  custom:container-muxer-webm: aa71ff27fc2769a1b78a27578f13a17b -> 
  custom:container-demuxer-webm: 4f35f7cbe854078d1ac9338744f61a02 -> 
  custom:container-demuxer-ogg: 62fdf1f143b41e24485cea50d1cbac27 -> 
  custom:video-encoder-webm-vp8: eb34c28f22e8b96e1ab97ce403110664 -> 
  custom:video-codec-MediaFoundation-h265: 746d11721c4dcdbdad8f713fa42b33f4 -> 
  custom:video-decoder-webm-vp8: 9c59270c3fd7afecdb556c50c9e8de78 -> 
  custom:audio-decoder-ogg-vorbis: bf7c407c2cedff20999df2af8eb42d56 -> 
  custom:audio-encoder-webm-vorbis: bf7c407c2cedff20999df2af8eb42d56 -> 
========================================================================
Received Import Request.
  Time since last request: 2852.462822 seconds.
  path: Assets/Prefabs/red.prefab
  artifactKey: Guid(7d3d72dc0f031434fa06357d618d8555) Importer(815301076,1909f56bfc062723c751e8b465ee728b)
Start importing Assets/Prefabs/red.prefab using Guid(7d3d72dc0f031434fa06357d618d8555) Importer(815301076,1909f56bfc062723c751e8b465ee728b)  -> (artifact id: 'a7d1ebeb81888a6d3d4c0caeffb2d55d') in 0.072071 seconds 
  Import took 0.075646 seconds .

========================================================================
Received Import Request.
  Time since last request: 1.317332 seconds.
  path: Assets/Prefabs/red.prefab
  artifactKey: Guid(7d3d72dc0f031434fa06357d618d8555) Importer(815301076,1909f56bfc062723c751e8b465ee728b)
Start importing Assets/Prefabs/red.prefab using Guid(7d3d72dc0f031434fa06357d618d8555) Importer(815301076,1909f56bfc062723c751e8b465ee728b)  -> (artifact id: '8a26ccb97d6d0c9ca0e93c9712afec5f') in 0.037679 seconds 
  Import took 0.043636 seconds .

========================================================================
Received Import Request.
  Time since last request: 0.008716 seconds.
  path: Assets/Prefabs/red.prefab
  artifactKey: Guid(7d3d72dc0f031434fa06357d618d8555) Importer(815301076,1909f56bfc062723c751e8b465ee728b)
Start importing Assets/Prefabs/red.prefab using Guid(7d3d72dc0f031434fa06357d618d8555) Importer(815301076,1909f56bfc062723c751e8b465ee728b)  -> (artifact id: '8a26ccb97d6d0c9ca0e93c9712afec5f') in 0.016275 seconds 
  Import took 0.020216 seconds .

========================================================================
Received Import Request.
  Time since last request: 5.127838 seconds.
  path: Assets/Prefabs/black.prefab
  artifactKey: Guid(bbe7af5a5ac3a0e42933c9a64102d90b) Importer(815301076,1909f56bfc062723c751e8b465ee728b)
Start importing Assets/Prefabs/black.prefab using Guid(bbe7af5a5ac3a0e42933c9a64102d90b) Importer(815301076,1909f56bfc062723c751e8b465ee728b)  -> (artifact id: '2833f6a48bb1aec4bee1014540d66bff') in 0.019009 seconds 
  Import took 0.029805 seconds .

========================================================================
Received Import Request.
  Time since last request: 3.669992 seconds.
  path: Assets/Prefabs/blue.prefab
  artifactKey: Guid(09a4099ebb67e8746a856e6e2d1c4e69) Importer(815301076,1909f56bfc062723c751e8b465ee728b)
Start importing Assets/Prefabs/blue.prefab using Guid(09a4099ebb67e8746a856e6e2d1c4e69) Importer(815301076,1909f56bfc062723c751e8b465ee728b)  -> (artifact id: '4bd68241bd1633441b0d98bc805a07d1') in 0.021720 seconds 
  Import took 0.025524 seconds .

========================================================================
Received Import Request.
  Time since last request: 0.003251 seconds.
  path: Assets/Prefabs/blue.prefab
  artifactKey: Guid(09a4099ebb67e8746a856e6e2d1c4e69) Importer(815301076,1909f56bfc062723c751e8b465ee728b)
Start importing Assets/Prefabs/blue.prefab using Guid(09a4099ebb67e8746a856e6e2d1c4e69) Importer(815301076,1909f56bfc062723c751e8b465ee728b)  -> (artifact id: '4bd68241bd1633441b0d98bc805a07d1') in 0.019899 seconds 
  Import took 0.024216 seconds .

========================================================================
Received Import Request.
  Time since last request: 0.477004 seconds.
  path: Assets/Prefabs/red.prefab
  artifactKey: Guid(7d3d72dc0f031434fa06357d618d8555) Importer(815301076,1909f56bfc062723c751e8b465ee728b)
Start importing Assets/Prefabs/red.prefab using Guid(7d3d72dc0f031434fa06357d618d8555) Importer(815301076,1909f56bfc062723c751e8b465ee728b)  -> (artifact id: 'bdc51b0014609a2dc9ea3e20934d3d9e') in 0.022390 seconds 
  Import took 0.035980 seconds .

========================================================================
Received Import Request.
  Time since last request: 1.995812 seconds.
  path: Assets/Prefabs/defalut.prefab
  artifactKey: Guid(4b29441622677354dae72e71d6824cdf) Importer(815301076,1909f56bfc062723c751e8b465ee728b)
Start importing Assets/Prefabs/defalut.prefab using Guid(4b29441622677354dae72e71d6824cdf) Importer(815301076,1909f56bfc062723c751e8b465ee728b)  -> (artifact id: '2871b0183e1579b9aa5e14f4acb66156') in 0.017218 seconds 
  Import took 0.021094 seconds .

========================================================================
Received Import Request.
  Time since last request: 1.344722 seconds.
  path: Assets/Prefabs/defalut.prefab
  artifactKey: Guid(4b29441622677354dae72e71d6824cdf) Importer(815301076,1909f56bfc062723c751e8b465ee728b)
Start importing Assets/Prefabs/defalut.prefab using Guid(4b29441622677354dae72e71d6824cdf) Importer(815301076,1909f56bfc062723c751e8b465ee728b)  -> (artifact id: '1bdd48c68868fbf8db1989c2a2060bc0') in 0.033582 seconds 
  Import took 0.057467 seconds .

========================================================================
Received Import Request.
  Time since last request: 0.939607 seconds.
  path: Assets/Prefabs/defalut.prefab
  artifactKey: Guid(4b29441622677354dae72e71d6824cdf) Importer(815301076,1909f56bfc062723c751e8b465ee728b)
Start importing Assets/Prefabs/defalut.prefab using Guid(4b29441622677354dae72e71d6824cdf) Importer(815301076,1909f56bfc062723c751e8b465ee728b)  -> (artifact id: '686747c5818fec8280ac2e021e525dae') in 0.023176 seconds 
  Import took 0.040665 seconds .

========================================================================
Received Import Request.
  Time since last request: 2.281811 seconds.
  path: Assets/Prefabs/blue.prefab
  artifactKey: Guid(09a4099ebb67e8746a856e6e2d1c4e69) Importer(815301076,1909f56bfc062723c751e8b465ee728b)
Start importing Assets/Prefabs/blue.prefab using Guid(09a4099ebb67e8746a856e6e2d1c4e69) Importer(815301076,1909f56bfc062723c751e8b465ee728b)  -> (artifact id: '8a2771c2bf44df5f5dee3419d40bc2ca') in 0.024248 seconds 
  Import took 0.028034 seconds .

========================================================================
Received Import Request.
  Time since last request: 0.016394 seconds.
  path: Assets/Prefabs/blue.prefab
  artifactKey: Guid(09a4099ebb67e8746a856e6e2d1c4e69) Importer(815301076,1909f56bfc062723c751e8b465ee728b)
Start importing Assets/Prefabs/blue.prefab using Guid(09a4099ebb67e8746a856e6e2d1c4e69) Importer(815301076,1909f56bfc062723c751e8b465ee728b)  -> (artifact id: '8a2771c2bf44df5f5dee3419d40bc2ca') in 0.013093 seconds 
  Import took 0.016518 seconds .

========================================================================
Received Import Request.
  Time since last request: 2.602930 seconds.
  path: Assets/Prefabs/red.prefab
  artifactKey: Guid(7d3d72dc0f031434fa06357d618d8555) Importer(815301076,1909f56bfc062723c751e8b465ee728b)
Start importing Assets/Prefabs/red.prefab using Guid(7d3d72dc0f031434fa06357d618d8555) Importer(815301076,1909f56bfc062723c751e8b465ee728b)  -> (artifact id: '4f2d943ff0d9d2fc34a744cd567eb0de') in 0.022626 seconds 
  Import took 0.027209 seconds .

========================================================================
Received Import Request.
  Time since last request: 0.746860 seconds.
  path: Assets/Prefabs/red.prefab
  artifactKey: Guid(7d3d72dc0f031434fa06357d618d8555) Importer(815301076,1909f56bfc062723c751e8b465ee728b)
Start importing Assets/Prefabs/red.prefab using Guid(7d3d72dc0f031434fa06357d618d8555) Importer(815301076,1909f56bfc062723c751e8b465ee728b)  -> (artifact id: '4972b761c6da972c963c5fbe4f8acf52') in 0.018283 seconds 
  Import took 0.021844 seconds .

========================================================================
Received Import Request.
  Time since last request: 0.015085 seconds.
  path: Assets/Prefabs/red.prefab
  artifactKey: Guid(7d3d72dc0f031434fa06357d618d8555) Importer(815301076,1909f56bfc062723c751e8b465ee728b)
Start importing Assets/Prefabs/red.prefab using Guid(7d3d72dc0f031434fa06357d618d8555) Importer(815301076,1909f56bfc062723c751e8b465ee728b)  -> (artifact id: '4972b761c6da972c963c5fbe4f8acf52') in 0.013960 seconds 
  Import took 0.017018 seconds .

========================================================================
Received Import Request.
  Time since last request: 5.653593 seconds.
  path: Assets/Prefabs/red.prefab
  artifactKey: Guid(7d3d72dc0f031434fa06357d618d8555) Importer(815301076,1909f56bfc062723c751e8b465ee728b)
Start importing Assets/Prefabs/red.prefab using Guid(7d3d72dc0f031434fa06357d618d8555) Importer(815301076,1909f56bfc062723c751e8b465ee728b)  -> (artifact id: '098147bc8983c06af0101e3ebfa91ac3') in 0.012666 seconds 
  Import took 0.015708 seconds .

========================================================================
Received Import Request.
  Time since last request: 0.000540 seconds.
  path: Assets/Prefabs/red.prefab
  artifactKey: Guid(7d3d72dc0f031434fa06357d618d8555) Importer(815301076,1909f56bfc062723c751e8b465ee728b)
Start importing Assets/Prefabs/red.prefab using Guid(7d3d72dc0f031434fa06357d618d8555) Importer(815301076,1909f56bfc062723c751e8b465ee728b)  -> (artifact id: '098147bc8983c06af0101e3ebfa91ac3') in 0.012735 seconds 
  Import took 0.015957 seconds .

========================================================================
Received Prepare
Registering precompiled user dll's ...
Registered in 0.003972 seconds.
Begin MonoManager ReloadAssembly
Native extension for WindowsStandalone target not found
Native extension for WebGL target not found
Refreshing native plugins compatible for Editor in 0.38 ms, found 2 plugins.
Preloading 0 native plugins for Editor in 0.00 ms.
Mono: successfully reloaded assembly
- Completed reload, in  1.081 seconds
Platform modules already initialized, skipping
Refreshing native plugins compatible for Editor in 0.49 ms, found 2 plugins.
Preloading 0 native plugins for Editor in 0.00 ms.
Unloading 1385 Unused Serialized files (Serialized files now loaded: 0)
System memory in use before: 73.2 MB.
System memory in use after: 73.3 MB.

Unloading 15 unused Assets to reduce memory usage. Loaded Objects now: 1879.
Total: 2.276300 ms (FindLiveObjects: 0.152800 ms CreateObjectMapping: 0.038400 ms MarkObjects: 2.016600 ms  DeleteObjects: 0.067100 ms)

AssetImportParameters requested are different than current active one (requested -> active):
  custom:framework-win-MediaFoundation: 216162199b28c13a410421893ffa2e32 -> 
  custom:video-decoder-ogg-theora: a1e56fd34408186e4bbccfd4996cb3dc -> 
  custom:container-muxer-webm: aa71ff27fc2769a1b78a27578f13a17b -> 
  custom:container-demuxer-webm: 4f35f7cbe854078d1ac9338744f61a02 -> 
  custom:container-demuxer-ogg: 62fdf1f143b41e24485cea50d1cbac27 -> 
  custom:video-encoder-webm-vp8: eb34c28f22e8b96e1ab97ce403110664 -> 
  custom:video-codec-MediaFoundation-h265: 746d11721c4dcdbdad8f713fa42b33f4 -> 
  custom:video-decoder-webm-vp8: 9c59270c3fd7afecdb556c50c9e8de78 -> 
  custom:audio-decoder-ogg-vorbis: bf7c407c2cedff20999df2af8eb42d56 -> 
  custom:audio-encoder-webm-vorbis: bf7c407c2cedff20999df2af8eb42d56 -> 
========================================================================
Received Import Request.
  Time since last request: 68.205930 seconds.
  path: Assets/Scripts/ClickAndSwipe.cs
  artifactKey: Guid(23bc6d9a4a3aeaf4ca7ceb6b7f378119) Importer(815301076,1909f56bfc062723c751e8b465ee728b)
Start importing Assets/Scripts/ClickAndSwipe.cs using Guid(23bc6d9a4a3aeaf4ca7ceb6b7f378119) Importer(815301076,1909f56bfc062723c751e8b465ee728b)  -> (artifact id: '5e16b2869659e068351ee6e4e23b24ef') in 0.035241 seconds 
  Import took 0.041202 seconds .

========================================================================
Received Import Request.
  Time since last request: 0.001414 seconds.
  path: Assets/Scripts/ClickAndSwipe.cs
  artifactKey: Guid(23bc6d9a4a3aeaf4ca7ceb6b7f378119) Importer(815301076,1909f56bfc062723c751e8b465ee728b)
Start importing Assets/Scripts/ClickAndSwipe.cs using Guid(23bc6d9a4a3aeaf4ca7ceb6b7f378119) Importer(815301076,1909f56bfc062723c751e8b465ee728b)  -> (artifact id: '5e16b2869659e068351ee6e4e23b24ef') in 0.020130 seconds 
  Import took 0.035905 seconds .

========================================================================
Received Prepare
Registering precompiled user dll's ...
Registered in 0.005862 seconds.
Begin MonoManager ReloadAssembly
Native extension for WindowsStandalone target not found
Native extension for WebGL target not found
Refreshing native plugins compatible for Editor in 0.36 ms, found 2 plugins.
Preloading 0 native plugins for Editor in 0.00 ms.
Mono: successfully reloaded assembly
- Completed reload, in  1.111 seconds
Platform modules already initialized, skipping
Refreshing native plugins compatible for Editor in 0.44 ms, found 2 plugins.
Preloading 0 native plugins for Editor in 0.00 ms.
Unloading 1386 Unused Serialized files (Serialized files now loaded: 0)
System memory in use before: 73.2 MB.
System memory in use after: 73.3 MB.

Unloading 14 unused Assets to reduce memory usage. Loaded Objects now: 1883.
Total: 2.306200 ms (FindLiveObjects: 0.165400 ms CreateObjectMapping: 0.045100 ms MarkObjects: 2.030500 ms  DeleteObjects: 0.063800 ms)

AssetImportParameters requested are different than current active one (requested -> active):
  custom:framework-win-MediaFoundation: 216162199b28c13a410421893ffa2e32 -> 
  custom:video-decoder-ogg-theora: a1e56fd34408186e4bbccfd4996cb3dc -> 
  custom:container-muxer-webm: aa71ff27fc2769a1b78a27578f13a17b -> 
  custom:container-demuxer-webm: 4f35f7cbe854078d1ac9338744f61a02 -> 
  custom:container-demuxer-ogg: 62fdf1f143b41e24485cea50d1cbac27 -> 
  custom:video-encoder-webm-vp8: eb34c28f22e8b96e1ab97ce403110664 -> 
  custom:video-codec-MediaFoundation-h265: 746d11721c4dcdbdad8f713fa42b33f4 -> 
  custom:video-decoder-webm-vp8: 9c59270c3fd7afecdb556c50c9e8de78 -> 
  custom:audio-decoder-ogg-vorbis: bf7c407c2cedff20999df2af8eb42d56 -> 
  custom:audio-encoder-webm-vorbis: bf7c407c2cedff20999df2af8eb42d56 -> 
========================================================================
Received Prepare
Registering precompiled user dll's ...
Registered in 0.004316 seconds.
Begin MonoManager ReloadAssembly
Native extension for WindowsStandalone target not found
Native extension for WebGL target not found
Refreshing native plugins compatible for Editor in 0.37 ms, found 2 plugins.
Preloading 0 native plugins for Editor in 0.00 ms.
Mono: successfully reloaded assembly
- Completed reload, in  1.139 seconds
Platform modules already initialized, skipping
Refreshing native plugins compatible for Editor in 0.39 ms, found 2 plugins.
Preloading 0 native plugins for Editor in 0.00 ms.
Unloading 1386 Unused Serialized files (Serialized files now loaded: 0)
System memory in use before: 73.3 MB.
System memory in use after: 73.3 MB.

Unloading 14 unused Assets to reduce memory usage. Loaded Objects now: 1886.
Total: 2.229000 ms (FindLiveObjects: 0.162100 ms CreateObjectMapping: 0.048900 ms MarkObjects: 1.853000 ms  DeleteObjects: 0.163900 ms)

AssetImportParameters requested are different than current active one (requested -> active):
  custom:framework-win-MediaFoundation: 216162199b28c13a410421893ffa2e32 -> 
  custom:video-decoder-ogg-theora: a1e56fd34408186e4bbccfd4996cb3dc -> 
  custom:container-muxer-webm: aa71ff27fc2769a1b78a27578f13a17b -> 
  custom:container-demuxer-webm: 4f35f7cbe854078d1ac9338744f61a02 -> 
  custom:container-demuxer-ogg: 62fdf1f143b41e24485cea50d1cbac27 -> 
  custom:video-encoder-webm-vp8: eb34c28f22e8b96e1ab97ce403110664 -> 
  custom:video-codec-MediaFoundation-h265: 746d11721c4dcdbdad8f713fa42b33f4 -> 
  custom:video-decoder-webm-vp8: 9c59270c3fd7afecdb556c50c9e8de78 -> 
  custom:audio-decoder-ogg-vorbis: bf7c407c2cedff20999df2af8eb42d56 -> 
  custom:audio-encoder-webm-vorbis: bf7c407c2cedff20999df2af8eb42d56 -> 
========================================================================
Received Import Request.
  Time since last request: 24.086850 seconds.
  path: Assets/Scripts/ClickAndSwipe.cs
  artifactKey: Guid(23bc6d9a4a3aeaf4ca7ceb6b7f378119) Importer(815301076,1909f56bfc062723c751e8b465ee728b)
Start importing Assets/Scripts/ClickAndSwipe.cs using Guid(23bc6d9a4a3aeaf4ca7ceb6b7f378119) Importer(815301076,1909f56bfc062723c751e8b465ee728b)  -> (artifact id: 'e181e26761c04da1da901da663ee9f8d') in 0.007033 seconds 
  Import took 0.025184 seconds .

========================================================================
Received Prepare
Registering precompiled user dll's ...
Registered in 0.005442 seconds.
Begin MonoManager ReloadAssembly
Native extension for WindowsStandalone target not found
Native extension for WebGL target not found
Refreshing native plugins compatible for Editor in 0.42 ms, found 2 plugins.
Preloading 0 native plugins for Editor in 0.00 ms.
Mono: successfully reloaded assembly
- Completed reload, in  1.164 seconds
Platform modules already initialized, skipping
Refreshing native plugins compatible for Editor in 0.37 ms, found 2 plugins.
Preloading 0 native plugins for Editor in 0.00 ms.
Unloading 1386 Unused Serialized files (Serialized files now loaded: 0)
System memory in use before: 73.3 MB.
System memory in use after: 73.3 MB.

Unloading 14 unused Assets to reduce memory usage. Loaded Objects now: 1889.
Total: 2.196100 ms (FindLiveObjects: 0.152500 ms CreateObjectMapping: 0.053900 ms MarkObjects: 1.898700 ms  DeleteObjects: 0.089300 ms)

AssetImportParameters requested are different than current active one (requested -> active):
  custom:framework-win-MediaFoundation: 216162199b28c13a410421893ffa2e32 -> 
  custom:video-decoder-ogg-theora: a1e56fd34408186e4bbccfd4996cb3dc -> 
  custom:container-muxer-webm: aa71ff27fc2769a1b78a27578f13a17b -> 
  custom:container-demuxer-webm: 4f35f7cbe854078d1ac9338744f61a02 -> 
  custom:container-demuxer-ogg: 62fdf1f143b41e24485cea50d1cbac27 -> 
  custom:video-encoder-webm-vp8: eb34c28f22e8b96e1ab97ce403110664 -> 
  custom:video-codec-MediaFoundation-h265: 746d11721c4dcdbdad8f713fa42b33f4 -> 
  custom:video-decoder-webm-vp8: 9c59270c3fd7afecdb556c50c9e8de78 -> 
  custom:audio-decoder-ogg-vorbis: bf7c407c2cedff20999df2af8eb42d56 -> 
  custom:audio-encoder-webm-vorbis: bf7c407c2cedff20999df2af8eb42d56 -> 
AssetImportWorkerClient::OnTransportError - code=2 error=End of file
