Using pre-set license
Built from '2020.3/staging' branch; Version is '2020.3.10f1 (297d780c91bc) revision 2719096'; Using compiler version '192528614'; Build Type 'Release'
OS: 'Windows 10 Home; OS build 19042.1052; Version 2009; 64bit' Language: 'ko' Physical Memory: 16347 MB
BatchMode: 1, IsHumanControllingUs: 0, StartBugReporterOnCrash: 0, Is64bit: 1, IsPro: 0

 COMMAND LINE ARGUMENTS:
A:\Unity\2020.3.10f1\Editor\Unity.exe
-adb2
-batchMode
-noUpm
-name
AssetImportWorker0
-projectPath
A:/Unity_Project/Personal Project
-logFile
Logs/AssetImportWorker0.log
-srvPort
59212
Successfully changed project path to: A:/Unity_Project/Personal Project
A:/Unity_Project/Personal Project
Using Asset Import Pipeline V2.
Refreshing native plugins compatible for Editor in 50.84 ms, found 2 plugins.
Preloading 0 native plugins for Editor in 0.00 ms.
Initialize engine version: 2020.3.10f1 (297d780c91bc)
[Subsystems] Discovering subsystems at path A:/Unity/2020.3.10f1/Editor/Data/Resources/UnitySubsystems
[Subsystems] Discovering subsystems at path A:/Unity_Project/Personal Project/Assets
GfxDevice: creating device client; threaded=0
Direct3D:
    Version:  Direct3D 11.0 [level 11.1]
    Renderer: NVIDIA GeForce GTX 1050 (ID=0x1c81)
    Vendor:   
    VRAM:     1977 MB
    Driver:   26.21.14.4575
Initialize mono
Mono path[0] = 'A:/Unity/2020.3.10f1/Editor/Data/Managed'
Mono path[1] = 'A:/Unity/2020.3.10f1/Editor/Data/MonoBleedingEdge/lib/mono/unityjit'
Mono config path = 'A:/Unity/2020.3.10f1/Editor/Data/MonoBleedingEdge/etc'
Using monoOptions --debugger-agent=transport=dt_socket,embedding=1,server=y,suspend=n,address=127.0.0.1:56884
Begin MonoManager ReloadAssembly
Registering precompiled unity dll's ...
Register platform support module: A:/Unity/2020.3.10f1/Editor/Data/PlaybackEngines/WindowsStandaloneSupport/UnityEditor.WindowsStandalone.Extensions.dll
Registered in 0.001531 seconds.
Native extension for WindowsStandalone target not found
Refreshing native plugins compatible for Editor in 60.69 ms, found 2 plugins.
Preloading 0 native plugins for Editor in 0.00 ms.
Mono: successfully reloaded assembly
- Completed reload, in  4.792 seconds
Platform modules already initialized, skipping
Registering precompiled user dll's ...
Registered in 0.004245 seconds.
Begin MonoManager ReloadAssembly
Native extension for WindowsStandalone target not found
Refreshing native plugins compatible for Editor in 0.32 ms, found 2 plugins.
Preloading 0 native plugins for Editor in 0.00 ms.
Mono: successfully reloaded assembly
- Completed reload, in  4.795 seconds
Platform modules already initialized, skipping
========================================================================
Worker process is ready to serve import requests
Launched and connected shader compiler UnityShaderCompiler.exe after 0.08 seconds
Refreshing native plugins compatible for Editor in 0.49 ms, found 2 plugins.
Preloading 0 native plugins for Editor in 0.00 ms.
Unloading 1392 Unused Serialized files (Serialized files now loaded: 0)
System memory in use before: 68.0 MB.
System memory in use after: 68.0 MB.

Unloading 19 unused Assets to reduce memory usage. Loaded Objects now: 1829.
Total: 2.939400 ms (FindLiveObjects: 0.210400 ms CreateObjectMapping: 0.074100 ms MarkObjects: 2.533800 ms  DeleteObjects: 0.119300 ms)

========================================================================
Received Prepare
Registering precompiled user dll's ...
Registered in 0.016351 seconds.
Begin MonoManager ReloadAssembly
Native extension for WindowsStandalone target not found
Refreshing native plugins compatible for Editor in 0.54 ms, found 2 plugins.
Preloading 0 native plugins for Editor in 0.00 ms.
Mono: successfully reloaded assembly
- Completed reload, in  3.328 seconds
Platform modules already initialized, skipping
Refreshing native plugins compatible for Editor in 0.35 ms, found 2 plugins.
Preloading 0 native plugins for Editor in 0.00 ms.
Unloading 1387 Unused Serialized files (Serialized files now loaded: 0)
System memory in use before: 67.9 MB.
System memory in use after: 68.0 MB.

Unloading 14 unused Assets to reduce memory usage. Loaded Objects now: 1832.
Total: 2.543900 ms (FindLiveObjects: 0.265300 ms CreateObjectMapping: 0.114200 ms MarkObjects: 2.097300 ms  DeleteObjects: 0.065000 ms)

========================================================================
Received Prepare
Registering precompiled user dll's ...
Registered in 0.031414 seconds.
Begin MonoManager ReloadAssembly
Native extension for WindowsStandalone target not found
Refreshing native plugins compatible for Editor in 0.31 ms, found 2 plugins.
Preloading 0 native plugins for Editor in 0.00 ms.
Mono: successfully reloaded assembly
- Completed reload, in  2.740 seconds
Platform modules already initialized, skipping
Refreshing native plugins compatible for Editor in 0.58 ms, found 2 plugins.
Preloading 0 native plugins for Editor in 0.00 ms.
Unloading 1387 Unused Serialized files (Serialized files now loaded: 0)
System memory in use before: 67.9 MB.
System memory in use after: 68.0 MB.

Unloading 14 unused Assets to reduce memory usage. Loaded Objects now: 1835.
Total: 2.606200 ms (FindLiveObjects: 0.156100 ms CreateObjectMapping: 0.051400 ms MarkObjects: 2.175300 ms  DeleteObjects: 0.222100 ms)

========================================================================
Received Prepare
Registering precompiled user dll's ...
Registered in 0.010137 seconds.
Begin MonoManager ReloadAssembly
Native extension for WindowsStandalone target not found
Refreshing native plugins compatible for Editor in 0.65 ms, found 2 plugins.
Preloading 0 native plugins for Editor in 0.00 ms.
Mono: successfully reloaded assembly
- Completed reload, in  3.797 seconds
Platform modules already initialized, skipping
Refreshing native plugins compatible for Editor in 0.88 ms, found 2 plugins.
Preloading 0 native plugins for Editor in 0.00 ms.
Unloading 1387 Unused Serialized files (Serialized files now loaded: 0)
System memory in use before: 68.0 MB.
System memory in use after: 68.0 MB.

Unloading 14 unused Assets to reduce memory usage. Loaded Objects now: 1838.
Total: 2.272800 ms (FindLiveObjects: 0.235300 ms CreateObjectMapping: 0.071500 ms MarkObjects: 1.765700 ms  DeleteObjects: 0.198800 ms)

========================================================================
Received Prepare
Registering precompiled user dll's ...
Registered in 0.007562 seconds.
Begin MonoManager ReloadAssembly
Native extension for WindowsStandalone target not found
Refreshing native plugins compatible for Editor in 0.64 ms, found 2 plugins.
Preloading 0 native plugins for Editor in 0.00 ms.
Mono: successfully reloaded assembly
- Completed reload, in  3.082 seconds
Platform modules already initialized, skipping
Refreshing native plugins compatible for Editor in 0.37 ms, found 2 plugins.
Preloading 0 native plugins for Editor in 0.00 ms.
Unloading 1387 Unused Serialized files (Serialized files now loaded: 0)
System memory in use before: 68.0 MB.
System memory in use after: 68.1 MB.

Unloading 14 unused Assets to reduce memory usage. Loaded Objects now: 1841.
Total: 3.922500 ms (FindLiveObjects: 0.302700 ms CreateObjectMapping: 0.119000 ms MarkObjects: 3.410500 ms  DeleteObjects: 0.087200 ms)

========================================================================
Received Prepare
Registering precompiled user dll's ...
Registered in 0.017871 seconds.
Begin MonoManager ReloadAssembly
Native extension for WindowsStandalone target not found
Refreshing native plugins compatible for Editor in 0.36 ms, found 2 plugins.
Preloading 0 native plugins for Editor in 0.00 ms.
Mono: successfully reloaded assembly
- Completed reload, in  1.998 seconds
Platform modules already initialized, skipping
Refreshing native plugins compatible for Editor in 0.68 ms, found 2 plugins.
Preloading 0 native plugins for Editor in 0.00 ms.
Unloading 1387 Unused Serialized files (Serialized files now loaded: 0)
System memory in use before: 68.0 MB.
System memory in use after: 68.1 MB.

Unloading 14 unused Assets to reduce memory usage. Loaded Objects now: 1844.
Total: 2.106800 ms (FindLiveObjects: 0.159900 ms CreateObjectMapping: 0.066200 ms MarkObjects: 1.805200 ms  DeleteObjects: 0.073900 ms)

========================================================================
Received Prepare
Registering precompiled user dll's ...
Registered in 0.019611 seconds.
Begin MonoManager ReloadAssembly
Native extension for WindowsStandalone target not found
Refreshing native plugins compatible for Editor in 0.49 ms, found 2 plugins.
Preloading 0 native plugins for Editor in 0.00 ms.
Mono: successfully reloaded assembly
- Completed reload, in  2.627 seconds
Platform modules already initialized, skipping
Refreshing native plugins compatible for Editor in 0.30 ms, found 2 plugins.
Preloading 0 native plugins for Editor in 0.00 ms.
Unloading 1387 Unused Serialized files (Serialized files now loaded: 0)
System memory in use before: 68.0 MB.
System memory in use after: 68.1 MB.

Unloading 14 unused Assets to reduce memory usage. Loaded Objects now: 1847.
Total: 2.503100 ms (FindLiveObjects: 0.162200 ms CreateObjectMapping: 0.051500 ms MarkObjects: 2.216500 ms  DeleteObjects: 0.071200 ms)

========================================================================
Received Prepare
Registering precompiled user dll's ...
Registered in 0.003835 seconds.
Begin MonoManager ReloadAssembly
Native extension for WindowsStandalone target not found
Refreshing native plugins compatible for Editor in 0.31 ms, found 2 plugins.
Preloading 0 native plugins for Editor in 0.00 ms.
Mono: successfully reloaded assembly
- Completed reload, in  1.820 seconds
Platform modules already initialized, skipping
Refreshing native plugins compatible for Editor in 2.95 ms, found 2 plugins.
Preloading 0 native plugins for Editor in 0.00 ms.
Unloading 1387 Unused Serialized files (Serialized files now loaded: 0)
System memory in use before: 68.0 MB.
System memory in use after: 68.1 MB.

Unloading 14 unused Assets to reduce memory usage. Loaded Objects now: 1850.
Total: 2.011000 ms (FindLiveObjects: 0.150700 ms CreateObjectMapping: 0.049500 ms MarkObjects: 1.719100 ms  DeleteObjects: 0.090400 ms)

========================================================================
Received Import Request.
  path: Assets
  artifactKey: Guid(00000000000000001000000000000000) Importer(815301076,1909f56bfc062723c751e8b465ee728b)
Start importing Assets using Guid(00000000000000001000000000000000) Importer(815301076,1909f56bfc062723c751e8b465ee728b)  -> (artifact id: '42d402b061de3733987d63b9cc3b64de') in 0.009501 seconds
  Import took 0.012418 seconds .

========================================================================
Received Import Request.
  Time since last request: 14.213683 seconds.
  path: Assets/Script/MoveToPlayer.cs
  artifactKey: Guid(a67a6c54d0f3f42408c9947820d24f7d) Importer(815301076,1909f56bfc062723c751e8b465ee728b)
Start importing Assets/Script/MoveToPlayer.cs using Guid(a67a6c54d0f3f42408c9947820d24f7d) Importer(815301076,1909f56bfc062723c751e8b465ee728b)  -> (artifact id: '7f436edb7d206414380adab17b559fb8') in 0.049716 seconds
  Import took 0.053216 seconds .

========================================================================
Received Import Request.
  Time since last request: 0.008681 seconds.
  path: Assets/Prefabs/Bullet.prefab
  artifactKey: Guid(70e53d6584dc2d440879fd579b67848b) Importer(815301076,1909f56bfc062723c751e8b465ee728b)
Start importing Assets/Prefabs/Bullet.prefab using Guid(70e53d6584dc2d440879fd579b67848b) Importer(815301076,1909f56bfc062723c751e8b465ee728b)  -> (artifact id: 'd415f53caadd6772559fad107cfa3263') in 0.144164 seconds
  Import took 0.153594 seconds .

========================================================================
Received Import Request.
  Time since last request: 0.020507 seconds.
  path: Assets/Script/PlayerController.cs
  artifactKey: Guid(ec8afecd9a4c49545a5ed39f8e6a97f0) Importer(815301076,1909f56bfc062723c751e8b465ee728b)
Start importing Assets/Script/PlayerController.cs using Guid(ec8afecd9a4c49545a5ed39f8e6a97f0) Importer(815301076,1909f56bfc062723c751e8b465ee728b)  -> (artifact id: '10f7aa6ed106232b2e117c54fe3a3641') in 0.002304 seconds
  Import took 0.005314 seconds .

========================================================================
Received Import Request.
  Time since last request: 0.008301 seconds.
  path: Assets/Script/SpawnManager.cs
  artifactKey: Guid(174e4bd1559f4164d90a1b85c7262613) Importer(815301076,1909f56bfc062723c751e8b465ee728b)
Start importing Assets/Script/SpawnManager.cs using Guid(174e4bd1559f4164d90a1b85c7262613) Importer(815301076,1909f56bfc062723c751e8b465ee728b)  -> (artifact id: '281c26ab68d27fef6101a4493e1112f7') in 0.002860 seconds
  Import took 0.006086 seconds .

========================================================================
Received Import Request.
  Time since last request: 0.015513 seconds.
  path: Assets/Materials/Wall.mat
  artifactKey: Guid(c7ef3e8e2bcd6e24cb87d0bb615e8cce) Importer(815301076,1909f56bfc062723c751e8b465ee728b)
Start importing Assets/Materials/Wall.mat using Guid(c7ef3e8e2bcd6e24cb87d0bb615e8cce) Importer(815301076,1909f56bfc062723c751e8b465ee728b)  -> (artifact id: 'fb35b84c900209fca04ba652a2d42b48') in 0.046996 seconds
  Import took 0.050055 seconds .

========================================================================
Received Import Request.
  Time since last request: 0.014283 seconds.
  path: Assets/Script/Wall.cs
  artifactKey: Guid(80d38fbc8adeb59419ddda3d2e510341) Importer(815301076,1909f56bfc062723c751e8b465ee728b)
Start importing Assets/Script/Wall.cs using Guid(80d38fbc8adeb59419ddda3d2e510341) Importer(815301076,1909f56bfc062723c751e8b465ee728b)  -> (artifact id: '7554485f8cffb29ba55e594c71a94f02') in 0.002421 seconds
  Import took 0.007539 seconds .

========================================================================
Received Import Request.
  Time since last request: 0.003599 seconds.
  path: Assets/Scenes/My Game.unity
  artifactKey: Guid(9fc0d4010bbf28b4594072e72b8655ab) Importer(815301076,1909f56bfc062723c751e8b465ee728b)
Start importing Assets/Scenes/My Game.unity using Guid(9fc0d4010bbf28b4594072e72b8655ab) Importer(815301076,1909f56bfc062723c751e8b465ee728b)  -> (artifact id: '50bed04cb094d2e26126c1d810317c6c') in 0.003070 seconds
  Import took 0.005911 seconds .

AssetImportWorkerClient::OnTransportError - code=2 error=End of file
