Using pre-set license
Built from '2020.3/staging' branch; Version is '2020.3.10f1 (297d780c91bc) revision 2719096'; Using compiler version '192528614'; Build Type 'Release'
OS: 'Windows 10 Home; OS build 19042.1052; Version 2009; 64bit' Language: 'ko' Physical Memory: 16347 MB
BatchMode: 1, IsHumanControllingUs: 0, StartBugReporterOnCrash: 0, Is64bit: 1, IsPro: 0

 COMMAND LINE ARGUMENTS:
A:\Unity\2020.3.10f1\Editor\Unity.exe
-adb2
-batchMode
-noUpm
-name
AssetImportWorker0
-projectPath
A:/Unity_Project/Prototype 4
-logFile
Logs/AssetImportWorker0.log
-srvPort
63803
Successfully changed project path to: A:/Unity_Project/Prototype 4
A:/Unity_Project/Prototype 4
Using Asset Import Pipeline V2.
Refreshing native plugins compatible for Editor in 53.20 ms, found 2 plugins.
Preloading 0 native plugins for Editor in 0.00 ms.
Initialize engine version: 2020.3.10f1 (297d780c91bc)
[Subsystems] Discovering subsystems at path A:/Unity/2020.3.10f1/Editor/Data/Resources/UnitySubsystems
[Subsystems] Discovering subsystems at path A:/Unity_Project/Prototype 4/Assets
GfxDevice: creating device client; threaded=0
Direct3D:
    Version:  Direct3D 11.0 [level 11.1]
    Renderer: NVIDIA GeForce GTX 1050 (ID=0x1c81)
    Vendor:   
    VRAM:     1977 MB
    Driver:   26.21.14.4575
Initialize mono
Mono path[0] = 'A:/Unity/2020.3.10f1/Editor/Data/Managed'
Mono path[1] = 'A:/Unity/2020.3.10f1/Editor/Data/MonoBleedingEdge/lib/mono/unityjit'
Mono config path = 'A:/Unity/2020.3.10f1/Editor/Data/MonoBleedingEdge/etc'
Using monoOptions --debugger-agent=transport=dt_socket,embedding=1,server=y,suspend=n,address=127.0.0.1:56720
Begin MonoManager ReloadAssembly
Registering precompiled unity dll's ...
Register platform support module: A:/Unity/2020.3.10f1/Editor/Data/PlaybackEngines/WindowsStandaloneSupport/UnityEditor.WindowsStandalone.Extensions.dll
Registered in 0.001393 seconds.
Native extension for WindowsStandalone target not found
Refreshing native plugins compatible for Editor in 53.49 ms, found 2 plugins.
Preloading 0 native plugins for Editor in 0.00 ms.
Mono: successfully reloaded assembly
- Completed reload, in  4.507 seconds
Platform modules already initialized, skipping
Registering precompiled user dll's ...
Registered in 0.003932 seconds.
Begin MonoManager ReloadAssembly
Native extension for WindowsStandalone target not found
Refreshing native plugins compatible for Editor in 0.42 ms, found 2 plugins.
Preloading 0 native plugins for Editor in 0.00 ms.
Mono: successfully reloaded assembly
- Completed reload, in  1.726 seconds
Platform modules already initialized, skipping
========================================================================
Worker process is ready to serve import requests
Launched and connected shader compiler UnityShaderCompiler.exe after 0.07 seconds
Refreshing native plugins compatible for Editor in 0.49 ms, found 2 plugins.
Preloading 0 native plugins for Editor in 0.00 ms.
Unloading 1397 Unused Serialized files (Serialized files now loaded: 0)
System memory in use before: 68.2 MB.
System memory in use after: 68.2 MB.

Unloading 19 unused Assets to reduce memory usage. Loaded Objects now: 1834.
Total: 3.237800 ms (FindLiveObjects: 0.235600 ms CreateObjectMapping: 0.096400 ms MarkObjects: 2.791600 ms  DeleteObjects: 0.112300 ms)

========================================================================
Received Import Request.
  path: Assets/Prefabs/Powerup.prefab
  artifactKey: Guid(5e1b9dc562b1c7c42aa128fa1ba7b475) Importer(815301076,1909f56bfc062723c751e8b465ee728b)
Start importing Assets/Prefabs/Powerup.prefab using Guid(5e1b9dc562b1c7c42aa128fa1ba7b475) Importer(815301076,1909f56bfc062723c751e8b465ee728b)  -> (artifact id: 'e096c171aa26420540ccb6a95a5b67f9') in 0.306386 seconds
  Import took 0.311244 seconds .

========================================================================
Received Import Request.
  Time since last request: 71.090858 seconds.
  path: Assets/Scripts/PowerUp.cs
  artifactKey: Guid(c079e2f947e41c3478d905d18877933d) Importer(815301076,1909f56bfc062723c751e8b465ee728b)
Start importing Assets/Scripts/PowerUp.cs using Guid(c079e2f947e41c3478d905d18877933d) Importer(815301076,1909f56bfc062723c751e8b465ee728b)  -> (artifact id: '0458c90e0489f84fd55228e10beee05b') in 0.051326 seconds
  Import took 0.055586 seconds .

========================================================================
Received Import Request.
  Time since last request: 0.928667 seconds.
  path: Assets/Prefabs/PowerupRockets.prefab
  artifactKey: Guid(ba5c7c98a25393b49a5dd59c4b339da5) Importer(815301076,1909f56bfc062723c751e8b465ee728b)
Start importing Assets/Prefabs/PowerupRockets.prefab using Guid(ba5c7c98a25393b49a5dd59c4b339da5) Importer(815301076,1909f56bfc062723c751e8b465ee728b)  -> (artifact id: '31b3a3de419e0131084881d058117753') in 0.036281 seconds
  Import took 0.039871 seconds .

========================================================================
Received Import Request.
  Time since last request: 3.893860 seconds.
  path: Assets/Prefabs/PowerupRockets.prefab
  artifactKey: Guid(ba5c7c98a25393b49a5dd59c4b339da5) Importer(815301076,1909f56bfc062723c751e8b465ee728b)
Start importing Assets/Prefabs/PowerupRockets.prefab using Guid(ba5c7c98a25393b49a5dd59c4b339da5) Importer(815301076,1909f56bfc062723c751e8b465ee728b)  -> (artifact id: 'bf96dae53afbb6b1a3d4243f20cdea21') in 0.036297 seconds
  Import took 0.042342 seconds .

========================================================================
Received Import Request.
  Time since last request: 30.035008 seconds.
  path: Assets/Course Library/_Source_Files/Materials/PowerupRockets_Materials.mat
  artifactKey: Guid(542f7afff6652224291ca74fc35476c8) Importer(815301076,1909f56bfc062723c751e8b465ee728b)
Start importing Assets/Course Library/_Source_Files/Materials/PowerupRockets_Materials.mat using Guid(542f7afff6652224291ca74fc35476c8) Importer(815301076,1909f56bfc062723c751e8b465ee728b)  -> (artifact id: '12eed901cf292b60de2ed1ce801d0e03') in 0.153248 seconds
  Import took 0.160516 seconds .

========================================================================
Received Import Request.
  Time since last request: 0.005004 seconds.
  path: Assets/Course Library/_Source_Files/Materials/PowerupRockets_Materials.mat
  artifactKey: Guid(542f7afff6652224291ca74fc35476c8) Importer(815301076,1909f56bfc062723c751e8b465ee728b)
Start importing Assets/Course Library/_Source_Files/Materials/PowerupRockets_Materials.mat using Guid(542f7afff6652224291ca74fc35476c8) Importer(815301076,1909f56bfc062723c751e8b465ee728b)  -> (artifact id: '12eed901cf292b60de2ed1ce801d0e03') in 0.048259 seconds
  Import took 0.067565 seconds .

========================================================================
Received Import Request.
  Time since last request: 15.753383 seconds.
  path: Assets/Prefabs/PowerupSmash.prefab
  artifactKey: Guid(a386a7ba8b5e56c4f8e4125d6bcf7284) Importer(815301076,1909f56bfc062723c751e8b465ee728b)
Start importing Assets/Prefabs/PowerupSmash.prefab using Guid(a386a7ba8b5e56c4f8e4125d6bcf7284) Importer(815301076,1909f56bfc062723c751e8b465ee728b)  -> (artifact id: '4df0608b096f8f70915901b67ab5169a') in 0.039289 seconds
  Import took 0.045969 seconds .

========================================================================
Received Prepare
Registering precompiled user dll's ...
Registered in 0.008236 seconds.
Begin MonoManager ReloadAssembly
Native extension for WindowsStandalone target not found
Refreshing native plugins compatible for Editor in 0.34 ms, found 2 plugins.
Preloading 0 native plugins for Editor in 0.00 ms.
Mono: successfully reloaded assembly
- Completed reload, in  2.988 seconds
Platform modules already initialized, skipping
Refreshing native plugins compatible for Editor in 0.53 ms, found 2 plugins.
Preloading 0 native plugins for Editor in 0.00 ms.
Unloading 1391 Unused Serialized files (Serialized files now loaded: 0)
System memory in use before: 71.4 MB.
System memory in use after: 71.4 MB.

Unloading 14 unused Assets to reduce memory usage. Loaded Objects now: 1877.
Total: 2.598900 ms (FindLiveObjects: 0.163300 ms CreateObjectMapping: 0.055200 ms MarkObjects: 2.318300 ms  DeleteObjects: 0.060300 ms)

========================================================================
Received Prepare
Registering precompiled user dll's ...
Registered in 0.006853 seconds.
Begin MonoManager ReloadAssembly
Native extension for WindowsStandalone target not found
Refreshing native plugins compatible for Editor in 0.35 ms, found 2 plugins.
Preloading 0 native plugins for Editor in 0.00 ms.
Mono: successfully reloaded assembly
- Completed reload, in  2.081 seconds
Platform modules already initialized, skipping
Refreshing native plugins compatible for Editor in 0.43 ms, found 2 plugins.
Preloading 0 native plugins for Editor in 0.00 ms.
Unloading 1391 Unused Serialized files (Serialized files now loaded: 0)
System memory in use before: 71.4 MB.
System memory in use after: 71.5 MB.

Unloading 14 unused Assets to reduce memory usage. Loaded Objects now: 1880.
Total: 2.216000 ms (FindLiveObjects: 0.241500 ms CreateObjectMapping: 0.121900 ms MarkObjects: 1.791900 ms  DeleteObjects: 0.059400 ms)

========================================================================
Received Prepare
Registering precompiled user dll's ...
Registered in 0.005988 seconds.
Begin MonoManager ReloadAssembly
Native extension for WindowsStandalone target not found
Refreshing native plugins compatible for Editor in 0.51 ms, found 2 plugins.
Preloading 0 native plugins for Editor in 0.00 ms.
Mono: successfully reloaded assembly
- Completed reload, in  2.305 seconds
Platform modules already initialized, skipping
Refreshing native plugins compatible for Editor in 0.75 ms, found 2 plugins.
Preloading 0 native plugins for Editor in 0.00 ms.
Unloading 1391 Unused Serialized files (Serialized files now loaded: 0)
System memory in use before: 71.4 MB.
System memory in use after: 71.5 MB.

Unloading 14 unused Assets to reduce memory usage. Loaded Objects now: 1883.
Total: 2.746300 ms (FindLiveObjects: 0.169100 ms CreateObjectMapping: 0.057600 ms MarkObjects: 2.460000 ms  DeleteObjects: 0.058100 ms)

========================================================================
Received Prepare
Registering precompiled user dll's ...
Registered in 0.026940 seconds.
Begin MonoManager ReloadAssembly
Native extension for WindowsStandalone target not found
Refreshing native plugins compatible for Editor in 0.34 ms, found 2 plugins.
Preloading 0 native plugins for Editor in 0.00 ms.
Mono: successfully reloaded assembly
- Completed reload, in  2.492 seconds
Platform modules already initialized, skipping
Refreshing native plugins compatible for Editor in 0.32 ms, found 2 plugins.
Preloading 0 native plugins for Editor in 0.00 ms.
Unloading 1391 Unused Serialized files (Serialized files now loaded: 0)
System memory in use before: 71.4 MB.
System memory in use after: 71.5 MB.

Unloading 14 unused Assets to reduce memory usage. Loaded Objects now: 1886.
Total: 2.171600 ms (FindLiveObjects: 0.338100 ms CreateObjectMapping: 0.102700 ms MarkObjects: 1.670600 ms  DeleteObjects: 0.058500 ms)

========================================================================
Received Prepare
Registering precompiled user dll's ...
Registered in 0.021953 seconds.
Begin MonoManager ReloadAssembly
Native extension for WindowsStandalone target not found
Refreshing native plugins compatible for Editor in 0.35 ms, found 2 plugins.
Preloading 0 native plugins for Editor in 0.00 ms.
Mono: successfully reloaded assembly
- Completed reload, in  1.426 seconds
Platform modules already initialized, skipping
Refreshing native plugins compatible for Editor in 0.36 ms, found 2 plugins.
Preloading 0 native plugins for Editor in 0.00 ms.
Unloading 1391 Unused Serialized files (Serialized files now loaded: 0)
System memory in use before: 71.4 MB.
System memory in use after: 71.5 MB.

Unloading 14 unused Assets to reduce memory usage. Loaded Objects now: 1889.
Total: 4.286100 ms (FindLiveObjects: 0.161900 ms CreateObjectMapping: 0.065400 ms MarkObjects: 3.984500 ms  DeleteObjects: 0.072500 ms)

AssetImportWorkerClient::OnTransportError - code=2 error=End of file
