Using pre-set license
Built from '2020.3/staging' branch; Version is '2020.3.10f1 (297d780c91bc) revision 2719096'; Using compiler version '192528614'; Build Type 'Release'
OS: 'Windows 10 Home; OS build 19042.1052; Version 2009; 64bit' Language: 'ko' Physical Memory: 16347 MB
BatchMode: 1, IsHumanControllingUs: 0, StartBugReporterOnCrash: 0, Is64bit: 1, IsPro: 0

 COMMAND LINE ARGUMENTS:
A:\Unity\2020.3.10f1\Editor\Unity.exe
-adb2
-batchMode
-noUpm
-name
AssetImportWorker0
-projectPath
A:/Unity_Project/UnityProject/Prototype 5
-logFile
Logs/AssetImportWorker0.log
-srvPort
51750
Successfully changed project path to: A:/Unity_Project/UnityProject/Prototype 5
A:/Unity_Project/UnityProject/Prototype 5
Using Asset Import Pipeline V2.
Refreshing native plugins compatible for Editor in 96.71 ms, found 2 plugins.
Preloading 0 native plugins for Editor in 0.00 ms.
Initialize engine version: 2020.3.10f1 (297d780c91bc)
[Subsystems] Discovering subsystems at path A:/Unity/2020.3.10f1/Editor/Data/Resources/UnitySubsystems
[Subsystems] Discovering subsystems at path A:/Unity_Project/UnityProject/Prototype 5/Assets
GfxDevice: creating device client; threaded=0
Direct3D:
    Version:  Direct3D 11.0 [level 11.1]
    Renderer: NVIDIA GeForce GTX 1050 (ID=0x1c81)
    Vendor:   
    VRAM:     1977 MB
    Driver:   26.21.14.4575
Initialize mono
Mono path[0] = 'A:/Unity/2020.3.10f1/Editor/Data/Managed'
Mono path[1] = 'A:/Unity/2020.3.10f1/Editor/Data/MonoBleedingEdge/lib/mono/unityjit'
Mono config path = 'A:/Unity/2020.3.10f1/Editor/Data/MonoBleedingEdge/etc'
Using monoOptions --debugger-agent=transport=dt_socket,embedding=1,server=y,suspend=n,address=127.0.0.1:56816
Begin MonoManager ReloadAssembly
Registering precompiled unity dll's ...
Register platform support module: A:/Unity/2020.3.10f1/Editor/Data/PlaybackEngines/WindowsStandaloneSupport/UnityEditor.WindowsStandalone.Extensions.dll
Registered in 0.001335 seconds.
Native extension for WindowsStandalone target not found
Refreshing native plugins compatible for Editor in 55.55 ms, found 2 plugins.
Preloading 0 native plugins for Editor in 0.00 ms.
Mono: successfully reloaded assembly
- Completed reload, in 11.053 seconds
Platform modules already initialized, skipping
Registering precompiled user dll's ...
Registered in 0.008412 seconds.
Begin MonoManager ReloadAssembly
Native extension for WindowsStandalone target not found
Refreshing native plugins compatible for Editor in 0.37 ms, found 2 plugins.
Preloading 0 native plugins for Editor in 0.00 ms.
Mono: successfully reloaded assembly
- Completed reload, in  1.725 seconds
Platform modules already initialized, skipping
========================================================================
Worker process is ready to serve import requests
Launched and connected shader compiler UnityShaderCompiler.exe after 0.09 seconds
Refreshing native plugins compatible for Editor in 0.38 ms, found 2 plugins.
Preloading 0 native plugins for Editor in 0.00 ms.
Unloading 1409 Unused Serialized files (Serialized files now loaded: 0)
System memory in use before: 70.9 MB.
System memory in use after: 71.0 MB.

Unloading 18 unused Assets to reduce memory usage. Loaded Objects now: 1844.
Total: 2.979700 ms (FindLiveObjects: 0.274100 ms CreateObjectMapping: 0.095700 ms MarkObjects: 2.534500 ms  DeleteObjects: 0.073500 ms)

========================================================================
Received Import Request.
  path: Assets/Scripts/GameManager.cs
  artifactKey: Guid(bb6c6807b6d1a34428d30c15a0d9f19b) Importer(815301076,1909f56bfc062723c751e8b465ee728b)
Start importing Assets/Scripts/GameManager.cs using Guid(bb6c6807b6d1a34428d30c15a0d9f19b) Importer(815301076,1909f56bfc062723c751e8b465ee728b)  -> (artifact id: '3355da5572858195fd043f1283d49dbd') in 0.046166 seconds
  Import took 0.057615 seconds .

========================================================================
Received Import Request.
  Time since last request: 0.000213 seconds.
  path: Assets/Scripts/DifficultyButton.cs
  artifactKey: Guid(20e7db55d4db50e448e67c5e00839d62) Importer(815301076,1909f56bfc062723c751e8b465ee728b)
Start importing Assets/Scripts/DifficultyButton.cs using Guid(20e7db55d4db50e448e67c5e00839d62) Importer(815301076,1909f56bfc062723c751e8b465ee728b)  -> (artifact id: 'f76128eed97614d847f7803cd0739e03') in 0.020166 seconds
  Import took 0.023447 seconds .

========================================================================
Received Import Request.
  Time since last request: 5483.572918 seconds.
  path: Assets/Scripts/Target.cs
  artifactKey: Guid(4a4bfa0b290a1d346ab781d48a09c468) Importer(815301076,1909f56bfc062723c751e8b465ee728b)
Start importing Assets/Scripts/Target.cs using Guid(4a4bfa0b290a1d346ab781d48a09c468) Importer(815301076,1909f56bfc062723c751e8b465ee728b)  -> (artifact id: '12ed54573b020ac4a523158980cc39cb') in 0.015202 seconds
  Import took 0.026577 seconds .

========================================================================
Received Import Request.
  Time since last request: 0.001939 seconds.
  path: Assets/Scripts/Target.cs
  artifactKey: Guid(4a4bfa0b290a1d346ab781d48a09c468) Importer(815301076,1909f56bfc062723c751e8b465ee728b)
Start importing Assets/Scripts/Target.cs using Guid(4a4bfa0b290a1d346ab781d48a09c468) Importer(815301076,1909f56bfc062723c751e8b465ee728b)  -> (artifact id: '12ed54573b020ac4a523158980cc39cb') in 0.011940 seconds
  Import took 0.029085 seconds .

========================================================================
Received Import Request.
  Time since last request: 3.291142 seconds.
  path: Assets/Scripts/Target.cs
  artifactKey: Guid(4a4bfa0b290a1d346ab781d48a09c468) Importer(815301076,1909f56bfc062723c751e8b465ee728b)
Start importing Assets/Scripts/Target.cs using Guid(4a4bfa0b290a1d346ab781d48a09c468) Importer(815301076,1909f56bfc062723c751e8b465ee728b)  -> (artifact id: '9fed5361791b9ec0f30b6b6024225598') in 0.004004 seconds
  Import took 0.008347 seconds .

========================================================================
Received Import Request.
  Time since last request: 59.964117 seconds.
  path: Assets/Scripts/Target.cs
  artifactKey: Guid(4a4bfa0b290a1d346ab781d48a09c468) Importer(815301076,1909f56bfc062723c751e8b465ee728b)
Start importing Assets/Scripts/Target.cs using Guid(4a4bfa0b290a1d346ab781d48a09c468) Importer(815301076,1909f56bfc062723c751e8b465ee728b)  -> (artifact id: '43d0160da8977aa046c5b93a50da8695') in 0.004184 seconds
  Import took 0.008568 seconds .

========================================================================
Received Import Request.
  Time since last request: 2.408890 seconds.
  path: Assets/Scripts/Target.cs
  artifactKey: Guid(4a4bfa0b290a1d346ab781d48a09c468) Importer(815301076,1909f56bfc062723c751e8b465ee728b)
Start importing Assets/Scripts/Target.cs using Guid(4a4bfa0b290a1d346ab781d48a09c468) Importer(815301076,1909f56bfc062723c751e8b465ee728b)  -> (artifact id: 'f9a89357abb5d82d7f246788a26ba3f6') in 0.002597 seconds
  Import took 0.005746 seconds .

========================================================================
Received Import Request.
  Time since last request: 42.516087 seconds.
  path: Assets/Scripts/Target.cs
  artifactKey: Guid(4a4bfa0b290a1d346ab781d48a09c468) Importer(815301076,1909f56bfc062723c751e8b465ee728b)
Start importing Assets/Scripts/Target.cs using Guid(4a4bfa0b290a1d346ab781d48a09c468) Importer(815301076,1909f56bfc062723c751e8b465ee728b)  -> (artifact id: 'f01acc8acdd53390ee31517066b2d516') in 0.010166 seconds
  Import took 0.015439 seconds .

========================================================================
Received Import Request.
  Time since last request: 0.001206 seconds.
  path: Assets/Scripts/Target.cs
  artifactKey: Guid(4a4bfa0b290a1d346ab781d48a09c468) Importer(815301076,1909f56bfc062723c751e8b465ee728b)
Start importing Assets/Scripts/Target.cs using Guid(4a4bfa0b290a1d346ab781d48a09c468) Importer(815301076,1909f56bfc062723c751e8b465ee728b)  -> (artifact id: 'f01acc8acdd53390ee31517066b2d516') in 0.006618 seconds
  Import took 0.010934 seconds .

========================================================================
Received Import Request.
  Time since last request: 74.674577 seconds.
  path: Assets/Scripts/Target.cs
  artifactKey: Guid(4a4bfa0b290a1d346ab781d48a09c468) Importer(815301076,1909f56bfc062723c751e8b465ee728b)
Start importing Assets/Scripts/Target.cs using Guid(4a4bfa0b290a1d346ab781d48a09c468) Importer(815301076,1909f56bfc062723c751e8b465ee728b)  -> (artifact id: '6eced193b326adc6972ab61e16228184') in 0.006440 seconds
  Import took 0.009401 seconds .

========================================================================
Received Import Request.
  Time since last request: 8.548052 seconds.
  path: Assets/Scripts/Target.cs
  artifactKey: Guid(4a4bfa0b290a1d346ab781d48a09c468) Importer(815301076,1909f56bfc062723c751e8b465ee728b)
Start importing Assets/Scripts/Target.cs using Guid(4a4bfa0b290a1d346ab781d48a09c468) Importer(815301076,1909f56bfc062723c751e8b465ee728b)  -> (artifact id: '648ad85b31b52a299b2166717309ad69') in 0.005215 seconds
  Import took 0.010232 seconds .

========================================================================
Received Prepare
Registering precompiled user dll's ...
Registered in 0.200448 seconds.
Begin MonoManager ReloadAssembly
Native extension for WindowsStandalone target not found
Refreshing native plugins compatible for Editor in 0.44 ms, found 2 plugins.
Preloading 0 native plugins for Editor in 0.00 ms.
Mono: successfully reloaded assembly
- Completed reload, in  1.135 seconds
Platform modules already initialized, skipping
Refreshing native plugins compatible for Editor in 0.38 ms, found 2 plugins.
Preloading 0 native plugins for Editor in 0.00 ms.
Unloading 1389 Unused Serialized files (Serialized files now loaded: 0)
System memory in use before: 69.4 MB.
System memory in use after: 69.5 MB.

Unloading 13 unused Assets to reduce memory usage. Loaded Objects now: 1847.
Total: 1.917500 ms (FindLiveObjects: 0.158900 ms CreateObjectMapping: 0.039600 ms MarkObjects: 1.690900 ms  DeleteObjects: 0.026600 ms)

========================================================================
Received Prepare
Registering precompiled user dll's ...
Registered in 0.004578 seconds.
Begin MonoManager ReloadAssembly
Native extension for WindowsStandalone target not found
Refreshing native plugins compatible for Editor in 0.55 ms, found 2 plugins.
Preloading 0 native plugins for Editor in 0.00 ms.
Mono: successfully reloaded assembly
- Completed reload, in  1.499 seconds
Platform modules already initialized, skipping
Refreshing native plugins compatible for Editor in 0.59 ms, found 2 plugins.
Preloading 0 native plugins for Editor in 0.00 ms.
Unloading 1389 Unused Serialized files (Serialized files now loaded: 0)
System memory in use before: 69.4 MB.
System memory in use after: 69.6 MB.

Unloading 13 unused Assets to reduce memory usage. Loaded Objects now: 1850.
Total: 2.373900 ms (FindLiveObjects: 0.155700 ms CreateObjectMapping: 0.051500 ms MarkObjects: 2.126100 ms  DeleteObjects: 0.038700 ms)

========================================================================
Received Prepare
Registering precompiled user dll's ...
Registered in 0.005711 seconds.
Begin MonoManager ReloadAssembly
Native extension for WindowsStandalone target not found
Refreshing native plugins compatible for Editor in 0.38 ms, found 2 plugins.
Preloading 0 native plugins for Editor in 0.00 ms.
Mono: successfully reloaded assembly
- Completed reload, in  1.438 seconds
Platform modules already initialized, skipping
Refreshing native plugins compatible for Editor in 0.38 ms, found 2 plugins.
Preloading 0 native plugins for Editor in 0.00 ms.
Unloading 1389 Unused Serialized files (Serialized files now loaded: 0)
System memory in use before: 69.5 MB.
System memory in use after: 69.6 MB.

Unloading 13 unused Assets to reduce memory usage. Loaded Objects now: 1853.
Total: 2.112200 ms (FindLiveObjects: 0.166300 ms CreateObjectMapping: 0.053200 ms MarkObjects: 1.870700 ms  DeleteObjects: 0.020700 ms)

========================================================================
Received Prepare
Registering precompiled user dll's ...
Registered in 0.009850 seconds.
Begin MonoManager ReloadAssembly
Native extension for WindowsStandalone target not found
Refreshing native plugins compatible for Editor in 0.37 ms, found 2 plugins.
Preloading 0 native plugins for Editor in 0.00 ms.
Mono: successfully reloaded assembly
- Completed reload, in  1.100 seconds
Platform modules already initialized, skipping
Refreshing native plugins compatible for Editor in 0.49 ms, found 2 plugins.
Preloading 0 native plugins for Editor in 0.00 ms.
Unloading 1389 Unused Serialized files (Serialized files now loaded: 0)
System memory in use before: 69.5 MB.
System memory in use after: 69.6 MB.

Unloading 13 unused Assets to reduce memory usage. Loaded Objects now: 1856.
Total: 3.533200 ms (FindLiveObjects: 0.151600 ms CreateObjectMapping: 0.048200 ms MarkObjects: 3.293000 ms  DeleteObjects: 0.038400 ms)

========================================================================
Received Prepare
Registering precompiled user dll's ...
Registered in 0.004073 seconds.
Begin MonoManager ReloadAssembly
Native extension for WindowsStandalone target not found
Refreshing native plugins compatible for Editor in 0.59 ms, found 2 plugins.
Preloading 0 native plugins for Editor in 0.00 ms.
Mono: successfully reloaded assembly
- Completed reload, in  1.286 seconds
Platform modules already initialized, skipping
Refreshing native plugins compatible for Editor in 0.62 ms, found 2 plugins.
Preloading 0 native plugins for Editor in 0.00 ms.
Unloading 1389 Unused Serialized files (Serialized files now loaded: 0)
System memory in use before: 69.5 MB.
System memory in use after: 69.6 MB.

Unloading 13 unused Assets to reduce memory usage. Loaded Objects now: 1859.
Total: 2.160100 ms (FindLiveObjects: 0.147800 ms CreateObjectMapping: 0.043800 ms MarkObjects: 1.944100 ms  DeleteObjects: 0.022900 ms)

========================================================================
Received Prepare
Registering precompiled user dll's ...
Registered in 0.013915 seconds.
Begin MonoManager ReloadAssembly
Native extension for WindowsStandalone target not found
Refreshing native plugins compatible for Editor in 1.45 ms, found 2 plugins.
Preloading 0 native plugins for Editor in 0.00 ms.
Mono: successfully reloaded assembly
- Completed reload, in  2.649 seconds
Platform modules already initialized, skipping
Refreshing native plugins compatible for Editor in 0.56 ms, found 2 plugins.
Preloading 0 native plugins for Editor in 0.00 ms.
Unloading 1389 Unused Serialized files (Serialized files now loaded: 0)
System memory in use before: 69.5 MB.
System memory in use after: 69.6 MB.

Unloading 13 unused Assets to reduce memory usage. Loaded Objects now: 1862.
Total: 3.015400 ms (FindLiveObjects: 0.203000 ms CreateObjectMapping: 0.093200 ms MarkObjects: 2.694300 ms  DeleteObjects: 0.023700 ms)

========================================================================
Received Prepare
Registering precompiled user dll's ...
Registered in 0.008831 seconds.
Begin MonoManager ReloadAssembly
Native extension for WindowsStandalone target not found
Refreshing native plugins compatible for Editor in 0.53 ms, found 2 plugins.
Preloading 0 native plugins for Editor in 0.00 ms.
Mono: successfully reloaded assembly
- Completed reload, in  4.960 seconds
Platform modules already initialized, skipping
Refreshing native plugins compatible for Editor in 0.58 ms, found 2 plugins.
Preloading 0 native plugins for Editor in 0.00 ms.
Unloading 1389 Unused Serialized files (Serialized files now loaded: 0)
System memory in use before: 69.5 MB.
System memory in use after: 69.6 MB.

Unloading 13 unused Assets to reduce memory usage. Loaded Objects now: 1865.
Total: 2.368000 ms (FindLiveObjects: 0.164000 ms CreateObjectMapping: 0.063200 ms MarkObjects: 2.115900 ms  DeleteObjects: 0.023000 ms)

AssetImportWorkerClient::OnTransportError - code=2 error=End of file
